kotlin version: 2.0.0
error message: org.jetbrains.kotlin.backend.common.BackendException: Backend Internal error: Exception during IR lowering
File being compiled: C:/Users/e5000750/AndroidStudioProjects/EkaNews/feature/headlinedetails/src/main/java/com/example/feature/headlinedetails/HeadLineDetailsScreen.kt
The root cause java.lang.RuntimeException was thrown at: org.jetbrains.kotlin.backend.jvm.codegen.FunctionCodegen.generate(FunctionCodegen.kt:50)
	at org.jetbrains.kotlin.backend.common.CodegenUtil.reportBackendException(CodegenUtil.kt:253)
	at org.jetbrains.kotlin.backend.common.CodegenUtil.reportBackendException$default(CodegenUtil.kt:236)
	at org.jetbrains.kotlin.backend.common.phaser.PerformByIrFilePhase.invokeSequential(performByIrFile.kt:65)
	at org.jetbrains.kotlin.backend.common.phaser.PerformByIrFilePhase.invoke(performByIrFile.kt:52)
	at org.jetbrains.kotlin.backend.common.phaser.PerformByIrFilePhase.invoke(performByIrFile.kt:38)
	at org.jetbrains.kotlin.backend.common.phaser.NamedCompilerPhase.phaseBody(CompilerPhase.kt:166)
	at org.jetbrains.kotlin.backend.common.phaser.AbstractNamedCompilerPhase.invoke(CompilerPhase.kt:113)
	at org.jetbrains.kotlin.backend.common.phaser.CompositePhase.invoke(PhaseBuilders.kt:29)
	at org.jetbrains.kotlin.backend.common.phaser.CompositePhase.invoke(PhaseBuilders.kt:16)
	at org.jetbrains.kotlin.backend.common.phaser.NamedCompilerPhase.phaseBody(CompilerPhase.kt:166)
	at org.jetbrains.kotlin.backend.common.phaser.AbstractNamedCompilerPhase.invoke(CompilerPhase.kt:113)
	at org.jetbrains.kotlin.backend.common.phaser.CompilerPhaseKt.invokeToplevel(CompilerPhase.kt:62)
	at org.jetbrains.kotlin.backend.jvm.JvmIrCodegenFactory.invokeCodegen(JvmIrCodegenFactory.kt:371)
	at org.jetbrains.kotlin.codegen.CodegenFactory.generateModule(CodegenFactory.kt:47)
	at org.jetbrains.kotlin.backend.jvm.JvmIrCodegenFactory.generateModuleInFrontendIRMode(JvmIrCodegenFactory.kt:433)
	at org.jetbrains.kotlin.cli.jvm.compiler.pipeline.JvmCompilerPipelineKt.generateCodeFromIr(jvmCompilerPipeline.kt:241)
	at org.jetbrains.kotlin.cli.jvm.compiler.pipeline.JvmCompilerPipelineKt.compileModulesUsingFrontendIrAndLightTree(jvmCompilerPipeline.kt:140)
	at org.jetbrains.kotlin.cli.jvm.K2JVMCompiler.doExecute(K2JVMCompiler.kt:155)
	at org.jetbrains.kotlin.cli.jvm.K2JVMCompiler.doExecute(K2JVMCompiler.kt:50)
	at org.jetbrains.kotlin.cli.common.CLICompiler.execImpl(CLICompiler.kt:104)
	at org.jetbrains.kotlin.cli.common.CLICompiler.execImpl(CLICompiler.kt:48)
	at org.jetbrains.kotlin.cli.common.CLITool.exec(CLITool.kt:101)
	at org.jetbrains.kotlin.incremental.IncrementalJvmCompilerRunner.runCompiler(IncrementalJvmCompilerRunner.kt:453)
	at org.jetbrains.kotlin.incremental.IncrementalJvmCompilerRunner.runCompiler(IncrementalJvmCompilerRunner.kt:62)
	at org.jetbrains.kotlin.incremental.IncrementalCompilerRunner.doCompile(IncrementalCompilerRunner.kt:506)
	at org.jetbrains.kotlin.incremental.IncrementalCompilerRunner.compileImpl(IncrementalCompilerRunner.kt:423)
	at org.jetbrains.kotlin.incremental.IncrementalCompilerRunner.compileNonIncrementally(IncrementalCompilerRunner.kt:301)
	at org.jetbrains.kotlin.incremental.IncrementalCompilerRunner.compile(IncrementalCompilerRunner.kt:129)
	at org.jetbrains.kotlin.daemon.CompileServiceImplBase.execIncrementalCompiler(CompileServiceImpl.kt:676)
	at org.jetbrains.kotlin.daemon.CompileServiceImplBase.access$execIncrementalCompiler(CompileServiceImpl.kt:92)
	at org.jetbrains.kotlin.daemon.CompileServiceImpl.compile(CompileServiceImpl.kt:1661)
	at jdk.internal.reflect.GeneratedMethodAccessor17.invoke(Unknown Source)
	at java.base/jdk.internal.reflect.DelegatingMethodAccessorImpl.invoke(DelegatingMethodAccessorImpl.java:43)
	at java.base/java.lang.reflect.Method.invoke(Method.java:568)
	at java.rmi/sun.rmi.server.UnicastServerRef.dispatch(UnicastServerRef.java:360)
	at java.rmi/sun.rmi.transport.Transport$1.run(Transport.java:200)
	at java.rmi/sun.rmi.transport.Transport$1.run(Transport.java:197)
	at java.base/java.security.AccessController.doPrivileged(AccessController.java:712)
	at java.rmi/sun.rmi.transport.Transport.serviceCall(Transport.java:196)
	at java.rmi/sun.rmi.transport.tcp.TCPTransport.handleMessages(TCPTransport.java:587)
	at java.rmi/sun.rmi.transport.tcp.TCPTransport$ConnectionHandler.run0(TCPTransport.java:828)
	at java.rmi/sun.rmi.transport.tcp.TCPTransport$ConnectionHandler.lambda$run$0(TCPTransport.java:705)
	at java.base/java.security.AccessController.doPrivileged(AccessController.java:399)
	at java.rmi/sun.rmi.transport.tcp.TCPTransport$ConnectionHandler.run(TCPTransport.java:704)
	at java.base/java.util.concurrent.ThreadPoolExecutor.runWorker(ThreadPoolExecutor.java:1136)
	at java.base/java.util.concurrent.ThreadPoolExecutor$Worker.run(ThreadPoolExecutor.java:635)
	at java.base/java.lang.Thread.run(Thread.java:840)
Caused by: java.lang.RuntimeException: Exception while generating code for:
FUN name:HeadLineDetailsScreen visibility:public modality:FINAL <> (context:android.app.Activity, onBackClick:kotlin.Function0<kotlin.Unit>, item:com.example.core.model.Article?) returnType:kotlin.Unit
  annotations:
    Composable
  VALUE_PARAMETER name:context index:0 type:android.app.Activity
  VALUE_PARAMETER name:onBackClick index:1 type:kotlin.Function0<kotlin.Unit>
  VALUE_PARAMETER name:item index:2 type:com.example.core.model.Article?
  BLOCK_BODY
    VAR name:savedArticleDao type:com.example.core.database.dao.SavedArticleDao [val]
      CALL 'public abstract fun getSavedArticleDao (): com.example.core.database.dao.SavedArticleDao declared in com.example.core.database.ArticleDatabase' type=com.example.core.database.dao.SavedArticleDao origin=null
        $this: CALL 'public final fun invoke (context: android.content.Context): com.example.core.database.ArticleDatabase [operator] declared in com.example.core.database.ArticleDatabase.Companion' type=com.example.core.database.ArticleDatabase origin=null
          $this: GET_FIELD 'FIELD FIELD_FOR_OBJECT_INSTANCE name:Companion type:com.example.core.database.ArticleDatabase.Companion visibility:public [final,static]' type=com.example.core.database.ArticleDatabase.Companion origin=null
          context: GET_VAR 'context: android.app.Activity declared in com.example.feature.headlinedetails.HeadLineDetailsScreenKt.HeadLineDetailsScreen' type=android.app.Activity origin=null
    VAR name:viewModel type:com.example.core.ui.viewmodel.NewsViewModel [val]
      TYPE_OP type=com.example.core.ui.viewmodel.NewsViewModel origin=IMPLICIT_CAST typeOperand=com.example.core.ui.viewmodel.NewsViewModel
        CALL 'public final fun viewModel$default <VM> (viewModelStoreOwner: androidx.lifecycle.ViewModelStoreOwner?, key: kotlin.String?, factory: androidx.lifecycle.ViewModelProvider.Factory?, extras: androidx.lifecycle.viewmodel.CreationExtras?, $mask0: kotlin.Int, $handler: kotlin.Any?): VM of androidx.lifecycle.viewmodel.compose.ViewModelKt.viewModel$default [inline] declared in androidx.lifecycle.viewmodel.compose.ViewModelKt' type=VM of androidx.lifecycle.viewmodel.compose.ViewModelKt.viewModel$default origin=DEFAULT_DISPATCH_CALL
          <VM>: com.example.core.ui.viewmodel.NewsViewModel
          viewModelStoreOwner: COMPOSITE type=androidx.lifecycle.ViewModelStoreOwner? origin=DEFAULT_VALUE
            CONST Null type=androidx.lifecycle.ViewModelStoreOwner? value=null
          key: COMPOSITE type=kotlin.String? origin=DEFAULT_VALUE
            CONST Null type=kotlin.String? value=null
          factory: CONSTRUCTOR_CALL 'public constructor <init> (remoteRepository: com.example.core.data.repository.NewsRemoteRepository, localRepository: com.example.core.data.repository.NewsLocalRepository) [primary] declared in com.example.core.ui.viewmodel.NewsViewModelProviderFactory' type=com.example.core.ui.viewmodel.NewsViewModelProviderFactory origin=null
            remoteRepository: CONSTRUCTOR_CALL 'public constructor <init> (api: com.example.core.network.api.NewsApi, db: com.example.core.database.dao.ArticleDao) [primary] declared in com.example.core.data.repository.NewsRemoteRepository' type=com.example.core.data.repository.NewsRemoteRepository origin=null
              api: BLOCK type=com.example.core.network.api.NewsApi origin=null
                VAR IR_TEMPORARY_VARIABLE name:tmp0 type:kotlin.Any? [val]
                  CALL 'public final fun <get-api> (): @[FlexibleNullability] com.example.core.network.api.NewsApi? declared in com.example.core.network.util.RetrofitInstance' type=@[FlexibleNullability] com.example.core.network.api.NewsApi? origin=GET_PROPERTY
                    $this: GET_FIELD 'FIELD FIELD_FOR_OBJECT_INSTANCE name:INSTANCE type:com.example.core.network.util.RetrofitInstance visibility:public [final,static]' type=com.example.core.network.util.RetrofitInstance origin=null
                CALL 'public final fun checkNotNullExpressionValue (value: kotlin.Any?, expression: kotlin.String): kotlin.Unit declared in kotlin.jvm.internal.Intrinsics' type=kotlin.Unit origin=null
                  value: GET_VAR 'val tmp0: kotlin.Any? [val] declared in com.example.feature.headlinedetails.HeadLineDetailsScreenKt.HeadLineDetailsScreen' type=kotlin.Any? origin=null
                  expression: CONST String type=kotlin.String value="<get-api>(...)"
                GET_VAR 'val tmp0: kotlin.Any? [val] declared in com.example.feature.headlinedetails.HeadLineDetailsScreenKt.HeadLineDetailsScreen' type=kotlin.Any? origin=null
              db: CALL 'public abstract fun getArticleDao (): com.example.core.database.dao.ArticleDao declared in com.example.core.database.ArticleDatabase' type=com.example.core.database.dao.ArticleDao origin=null
                $this: CALL 'public final fun invoke (context: android.content.Context): com.example.core.database.ArticleDatabase [operator] declared in com.example.core.database.ArticleDatabase.Companion' type=com.example.core.database.ArticleDatabase origin=null
                  $this: GET_FIELD 'FIELD FIELD_FOR_OBJECT_INSTANCE name:Companion type:com.example.core.database.ArticleDatabase.Companion visibility:public [final,static]' type=com.example.core.database.ArticleDatabase.Companion origin=null
                  context: GET_VAR 'context: android.app.Activity declared in com.example.feature.headlinedetails.HeadLineDetailsScreenKt.HeadLineDetailsScreen' type=android.app.Activity origin=null
            localRepository: CONSTRUCTOR_CALL 'public constructor <init> (db: com.example.core.database.dao.SavedArticleDao) [primary] declared in com.example.core.data.repository.NewsLocalRepository' type=com.example.core.data.repository.NewsLocalRepository origin=null
              db: GET_VAR 'val savedArticleDao: com.example.core.database.dao.SavedArticleDao [val] declared in com.example.feature.headlinedetails.HeadLineDetailsScreenKt.HeadLineDetailsScreen' type=com.example.core.database.dao.SavedArticleDao origin=null
          extras: COMPOSITE type=androidx.lifecycle.viewmodel.CreationExtras? origin=DEFAULT_VALUE
            CONST Null type=androidx.lifecycle.viewmodel.CreationExtras? value=null
          $mask0: CONST Int type=kotlin.Int value=11
          $handler: CONST Null type=kotlin.Any? value=null
    VAR PROPERTY_DELEGATE name:isLoading$delegate type:androidx.compose.runtime.MutableState<kotlin.Boolean> [val]
      CALL 'public final fun remember <T> (calculation: @[DisallowComposableCalls] kotlin.Function0<T of androidx.compose.runtime.ComposablesKt.remember>): T of androidx.compose.runtime.ComposablesKt.remember [inline] declared in androidx.compose.runtime.ComposablesKt' type=androidx.compose.runtime.MutableState<kotlin.Boolean> origin=null
        <T>: androidx.compose.runtime.MutableState<kotlin.Boolean>
        calculation: BLOCK type=kotlin.Function0<androidx.compose.runtime.MutableState<kotlin.Boolean>> origin=LAMBDA
          COMPOSITE type=kotlin.Unit origin=null
          FUNCTION_REFERENCE 'private final fun HeadLineDetailsScreen$lambda$0 (): androidx.compose.runtime.MutableState<kotlin.Boolean> declared in com.example.feature.headlinedetails.HeadLineDetailsScreenKt' type=kotlin.Function0<androidx.compose.runtime.MutableState<kotlin.Boolean>> origin=INLINE_LAMBDA reflectionTarget=null
    VAR PROPERTY_DELEGATE name:isSaved$delegate type:androidx.compose.runtime.MutableState<kotlin.Boolean> [val]
      CALL 'public final fun remember <T> (calculation: @[DisallowComposableCalls] kotlin.Function0<T of androidx.compose.runtime.ComposablesKt.remember>): T of androidx.compose.runtime.ComposablesKt.remember [inline] declared in androidx.compose.runtime.ComposablesKt' type=androidx.compose.runtime.MutableState<kotlin.Boolean> origin=null
        <T>: androidx.compose.runtime.MutableState<kotlin.Boolean>
        calculation: BLOCK type=kotlin.Function0<androidx.compose.runtime.MutableState<kotlin.Boolean>> origin=LAMBDA
          COMPOSITE type=kotlin.Unit origin=null
          FUNCTION_REFERENCE 'private final fun HeadLineDetailsScreen$lambda$3 (): androidx.compose.runtime.MutableState<kotlin.Boolean> declared in com.example.feature.headlinedetails.HeadLineDetailsScreenKt' type=kotlin.Function0<androidx.compose.runtime.MutableState<kotlin.Boolean>> origin=INLINE_LAMBDA reflectionTarget=null
    CALL 'public final fun LaunchedEffect (key1: kotlin.Any?, block: @[ExtensionFunctionType] kotlin.coroutines.SuspendFunction1<kotlinx.coroutines.CoroutineScope, kotlin.Unit>): kotlin.Unit declared in androidx.compose.runtime.EffectsKt' type=kotlin.Unit origin=null
      key1: GET_VAR 'item: com.example.core.model.Article? declared in com.example.feature.headlinedetails.HeadLineDetailsScreenKt.HeadLineDetailsScreen' type=com.example.core.model.Article? origin=null
      block: BLOCK type=com.example.feature.headlinedetails.HeadLineDetailsScreenKt.HeadLineDetailsScreen.<no name provided> origin=null
        CLASS SUSPEND_LAMBDA CLASS name:<no name provided> modality:FINAL visibility:public/*package*/ superTypes:[kotlin.coroutines.jvm.internal.SuspendLambda; kotlin.jvm.functions.Function2<kotlinx.coroutines.CoroutineScope, kotlin.coroutines.Continuation<kotlin.Unit>?, kotlin.Any?>]
          $this: VALUE_PARAMETER INSTANCE_RECEIVER name:<this> type:com.example.feature.headlinedetails.HeadLineDetailsScreenKt.HeadLineDetailsScreen.<no name provided>
          FIELD name:label type:kotlin.Int visibility:public/*package*/
          CONSTRUCTOR SUSPEND_LAMBDA visibility:public/*package*/ <> ($item:com.example.core.model.Article?, $savedArticleDao:com.example.core.database.dao.SavedArticleDao, $isSaved$delegate:androidx.compose.runtime.MutableState<kotlin.Boolean>, $completion:kotlin.coroutines.Continuation<com.example.feature.headlinedetails.HeadLineDetailsScreenKt.HeadLineDetailsScreen.<no name provided>>?) returnType:com.example.feature.headlinedetails.HeadLineDetailsScreenKt.HeadLineDetailsScreen.<no name provided> [primary]
            VALUE_PARAMETER BOUND_VALUE_PARAMETER name:$item index:0 type:com.example.core.model.Article?
            VALUE_PARAMETER BOUND_VALUE_PARAMETER name:$savedArticleDao index:1 type:com.example.core.database.dao.SavedArticleDao
            VALUE_PARAMETER BOUND_VALUE_PARAMETER name:$isSaved$delegate index:2 type:androidx.compose.runtime.MutableState<kotlin.Boolean>
            VALUE_PARAMETER name:$completion index:3 type:kotlin.coroutines.Continuation<com.example.feature.headlinedetails.HeadLineDetailsScreenKt.HeadLineDetailsScreen.<no name provided>>?
            BLOCK_BODY
              SET_FIELD 'FIELD FIELD_FOR_CAPTURED_VALUE name:$item type:com.example.core.model.Article? visibility:public/*package*/ [final]' type=kotlin.Unit origin=INITIALIZER_OF_FIELD_FOR_CAPTURED_VALUE
                receiver: GET_VAR '<this>: com.example.feature.headlinedetails.HeadLineDetailsScreenKt.HeadLineDetailsScreen.<no name provided> declared in com.example.feature.headlinedetails.HeadLineDetailsScreenKt.HeadLineDetailsScreen.<no name provided>' type=com.example.feature.headlinedetails.HeadLineDetailsScreenKt.HeadLineDetailsScreen.<no name provided> origin=null
                value: GET_VAR '$item: com.example.core.model.Article? declared in com.example.feature.headlinedetails.HeadLineDetailsScreenKt.HeadLineDetailsScreen.<no name provided>.<init>' type=com.example.core.model.Article? origin=null
              SET_FIELD 'FIELD FIELD_FOR_CAPTURED_VALUE name:$savedArticleDao type:com.example.core.database.dao.SavedArticleDao visibility:public/*package*/ [final]' type=kotlin.Unit origin=INITIALIZER_OF_FIELD_FOR_CAPTURED_VALUE
                receiver: GET_VAR '<this>: com.example.feature.headlinedetails.HeadLineDetailsScreenKt.HeadLineDetailsScreen.<no name provided> declared in com.example.feature.headlinedetails.HeadLineDetailsScreenKt.HeadLineDetailsScreen.<no name provided>' type=com.example.feature.headlinedetails.HeadLineDetailsScreenKt.HeadLineDetailsScreen.<no name provided> origin=null
                value: GET_VAR '$savedArticleDao: com.example.core.database.dao.SavedArticleDao declared in com.example.feature.headlinedetails.HeadLineDetailsScreenKt.HeadLineDetailsScreen.<no name provided>.<init>' type=com.example.core.database.dao.SavedArticleDao origin=null
              SET_FIELD 'FIELD FIELD_FOR_CAPTURED_VALUE name:$isSaved$delegate type:androidx.compose.runtime.MutableState<kotlin.Boolean> visibility:public/*package*/ [final]' type=kotlin.Unit origin=INITIALIZER_OF_FIELD_FOR_CAPTURED_VALUE
                receiver: GET_VAR '<this>: com.example.feature.headlinedetails.HeadLineDetailsScreenKt.HeadLineDetailsScreen.<no name provided> declared in com.example.feature.headlinedetails.HeadLineDetailsScreenKt.HeadLineDetailsScreen.<no name provided>' type=com.example.feature.headlinedetails.HeadLineDetailsScreenKt.HeadLineDetailsScreen.<no name provided> origin=null
                value: GET_VAR '$isSaved$delegate: androidx.compose.runtime.MutableState<kotlin.Boolean> declared in com.example.feature.headlinedetails.HeadLineDetailsScreenKt.HeadLineDetailsScreen.<no name provided>.<init>' type=androidx.compose.runtime.MutableState<kotlin.Boolean> origin=null
              DELEGATING_CONSTRUCTOR_CALL 'public constructor <init> (arity: kotlin.Int, $completion: kotlin.coroutines.Continuation<kotlin.Any?>?) declared in kotlin.coroutines.jvm.internal.SuspendLambda'
                arity: CONST Int type=kotlin.Int value=2
                $completion: GET_VAR '$completion: kotlin.coroutines.Continuation<com.example.feature.headlinedetails.HeadLineDetailsScreenKt.HeadLineDetailsScreen.<no name provided>>? declared in com.example.feature.headlinedetails.HeadLineDetailsScreenKt.HeadLineDetailsScreen.<no name provided>.<init>' type=kotlin.coroutines.Continuation<com.example.feature.headlinedetails.HeadLineDetailsScreenKt.HeadLineDetailsScreen.<no name provided>>? origin=null
              BLOCK type=kotlin.Unit origin=null
          FUN name:invokeSuspend visibility:public modality:FINAL <> ($this:com.example.feature.headlinedetails.HeadLineDetailsScreenKt.HeadLineDetailsScreen.<no name provided>, $result:kotlin.Result<kotlin.Any?>) returnType:kotlin.Any?
            overridden:
              protected abstract fun invokeSuspend ($result: kotlin.Result<kotlin.Any?>): kotlin.Any? declared in kotlin.coroutines.jvm.internal.SuspendLambda
            $this: VALUE_PARAMETER INSTANCE_RECEIVER name:<this> type:com.example.feature.headlinedetails.HeadLineDetailsScreenKt.HeadLineDetailsScreen.<no name provided>
            VALUE_PARAMETER name:$result index:0 type:kotlin.Result<kotlin.Any?>
            BLOCK_BODY
              COMPOSITE type=kotlin.Unit origin=null
                BLOCK type=kotlin.Unit? origin=FOLDED_SAFE_CALL
                  WHEN type=kotlin.Unit? origin=FOLDED_SAFE_CALL
                    BRANCH
                      if: COMPOSITE type=kotlin.Boolean origin=null
                        VAR IR_TEMPORARY_VARIABLE name:tmp0_safe_receiver type:com.example.core.model.Article? [val]
                          GET_FIELD 'FIELD FIELD_FOR_CAPTURED_VALUE name:$item type:com.example.core.model.Article? visibility:public/*package*/ [final]' type=com.example.core.model.Article? origin=null
                            receiver: GET_VAR '<this>: com.example.feature.headlinedetails.HeadLineDetailsScreenKt.HeadLineDetailsScreen.<no name provided> declared in com.example.feature.headlinedetails.HeadLineDetailsScreenKt.HeadLineDetailsScreen.<no name provided>.invokeSuspend' type=com.example.feature.headlinedetails.HeadLineDetailsScreenKt.HeadLineDetailsScreen.<no name provided> origin=null
                        CALL 'public final fun not (): kotlin.Boolean [operator] declared in kotlin.Boolean' type=kotlin.Boolean origin=null
                          $this: CALL 'public final fun EQEQ (arg0: kotlin.Any?, arg1: kotlin.Any?): kotlin.Boolean declared in kotlin.internal.ir' type=kotlin.Boolean origin=null
                            arg0: GET_VAR 'val tmp0_safe_receiver: com.example.core.model.Article? [val] declared in com.example.feature.headlinedetails.HeadLineDetailsScreenKt.HeadLineDetailsScreen.<no name provided>.invokeSuspend' type=com.example.core.model.Article? origin=null
                            arg1: CONST Null type=kotlin.Nothing? value=null
                      then: CALL 'public final fun let <T, R> (block: kotlin.Function1<T of kotlin.StandardKt.let, R of kotlin.StandardKt.let>): R of kotlin.StandardKt.let [inline] declared in kotlin.StandardKt' type=kotlin.Unit origin=null
                        <T>: com.example.core.model.Article
                        <R>: kotlin.Unit
                        $receiver: GET_VAR 'val tmp0_safe_receiver: com.example.core.model.Article? [val] declared in com.example.feature.headlinedetails.HeadLineDetailsScreenKt.HeadLineDetailsScreen.<no name provided>.invokeSuspend' type=com.example.core.model.Article? origin=null
                        block: BLOCK type=kotlin.Function1<com.example.core.model.Article, kotlin.Unit> origin=LAMBDA
                          COMPOSITE type=kotlin.Unit origin=null
                          FUNCTION_REFERENCE 'private final fun invokeSuspend$lambda$1 ($savedArticleDao: com.example.core.database.dao.SavedArticleDao, $isSaved$delegate: androidx.compose.runtime.MutableState<kotlin.Boolean>, it: com.example.core.model.Article): kotlin.Unit declared in com.example.feature.headlinedetails.HeadLineDetailsScreenKt.HeadLineDetailsScreen.<no name provided>' type=kotlin.Function1<com.example.core.model.Article, kotlin.Unit> origin=INLINE_LAMBDA reflectionTarget=null
                            $savedArticleDao: GET_FIELD 'FIELD FIELD_FOR_CAPTURED_VALUE name:$savedArticleDao type:com.example.core.database.dao.SavedArticleDao visibility:public/*package*/ [final]' type=com.example.core.database.dao.SavedArticleDao origin=null
                              receiver: GET_VAR '<this>: com.example.feature.headlinedetails.HeadLineDetailsScreenKt.HeadLineDetailsScreen.<no name provided> declared in com.example.feature.headlinedetails.HeadLineDetailsScreenKt.HeadLineDetailsScreen.<no name provided>.invokeSuspend' type=com.example.feature.headlinedetails.HeadLineDetailsScreenKt.HeadLineDetailsScreen.<no name provided> origin=null
                            $isSaved$delegate: GET_FIELD 'FIELD FIELD_FOR_CAPTURED_VALUE name:$isSaved$delegate type:androidx.compose.runtime.MutableState<kotlin.Boolean> visibility:public/*package*/ [final]' type=androidx.compose.runtime.MutableState<kotlin.Boolean> origin=null
                              receiver: GET_VAR '<this>: com.example.feature.headlinedetails.HeadLineDetailsScreenKt.HeadLineDetailsScreen.<no name provided> declared in com.example.feature.headlinedetails.HeadLineDetailsScreenKt.HeadLineDetailsScreen.<no name provided>.invokeSuspend' type=com.example.feature.headlinedetails.HeadLineDetailsScreenKt.HeadLineDetailsScreen.<no name provided> origin=null
                    BRANCH
                      if: CONST Boolean type=kotlin.Boolean value=true
                      then: CONST Null type=kotlin.Nothing? value=null
          FUN name:create visibility:public modality:FINAL <> ($this:com.example.feature.headlinedetails.HeadLineDetailsScreenKt.HeadLineDetailsScreen.<no name provided>, value:kotlin.Any?, $completion:kotlin.coroutines.Continuation<kotlin.Nothing>) returnType:kotlin.coroutines.Continuation<kotlin.Unit>
            overridden:
              public open fun create (value: kotlin.Any?, $completion: kotlin.coroutines.Continuation<kotlin.Nothing>): kotlin.coroutines.Continuation<kotlin.Unit> declared in kotlin.coroutines.jvm.internal.SuspendLambda
            $this: VALUE_PARAMETER INSTANCE_RECEIVER name:<this> type:com.example.feature.headlinedetails.HeadLineDetailsScreenKt.HeadLineDetailsScreen.<no name provided>
            VALUE_PARAMETER name:value index:0 type:kotlin.Any?
            VALUE_PARAMETER name:$completion index:1 type:kotlin.coroutines.Continuation<kotlin.Nothing>
            BLOCK_BODY
              RETURN type=kotlin.Nothing from='public final fun create (value: kotlin.Any?, $completion: kotlin.coroutines.Continuation<kotlin.Nothing>): kotlin.coroutines.Continuation<kotlin.Unit> declared in com.example.feature.headlinedetails.HeadLineDetailsScreenKt.HeadLineDetailsScreen.<no name provided>'
                CONSTRUCTOR_CALL 'public/*package*/ constructor <init> ($item: com.example.core.model.Article?, $savedArticleDao: com.example.core.database.dao.SavedArticleDao, $isSaved$delegate: androidx.compose.runtime.MutableState<kotlin.Boolean>, $completion: kotlin.coroutines.Continuation<com.example.feature.headlinedetails.HeadLineDetailsScreenKt.HeadLineDetailsScreen.<no name provided>>?) [primary] declared in com.example.feature.headlinedetails.HeadLineDetailsScreenKt.HeadLineDetailsScreen.<no name provided>' type=com.example.feature.headlinedetails.HeadLineDetailsScreenKt.HeadLineDetailsScreen.<no name provided> origin=null
                  $item: GET_FIELD 'FIELD FIELD_FOR_CAPTURED_VALUE name:$item type:com.example.core.model.Article? visibility:public/*package*/ [final]' type=com.example.core.model.Article? origin=null
                    receiver: GET_VAR '<this>: com.example.feature.headlinedetails.HeadLineDetailsScreenKt.HeadLineDetailsScreen.<no name provided> declared in com.example.feature.headlinedetails.HeadLineDetailsScreenKt.HeadLineDetailsScreen.<no name provided>.create' type=com.example.feature.headlinedetails.HeadLineDetailsScreenKt.HeadLineDetailsScreen.<no name provided> origin=null
                  $savedArticleDao: GET_FIELD 'FIELD FIELD_FOR_CAPTURED_VALUE name:$savedArticleDao type:com.example.core.database.dao.SavedArticleDao visibility:public/*package*/ [final]' type=com.example.core.database.dao.SavedArticleDao origin=null
                    receiver: GET_VAR '<this>: com.example.feature.headlinedetails.HeadLineDetailsScreenKt.HeadLineDetailsScreen.<no name provided> declared in com.example.feature.headlinedetails.HeadLineDetailsScreenKt.HeadLineDetailsScreen.<no name provided>.create' type=com.example.feature.headlinedetails.HeadLineDetailsScreenKt.HeadLineDetailsScreen.<no name provided> origin=null
                  $isSaved$delegate: GET_FIELD 'FIELD FIELD_FOR_CAPTURED_VALUE name:$isSaved$delegate type:androidx.compose.runtime.MutableState<kotlin.Boolean> visibility:public/*package*/ [final]' type=androidx.compose.runtime.MutableState<kotlin.Boolean> origin=null
                    receiver: GET_VAR '<this>: com.example.feature.headlinedetails.HeadLineDetailsScreenKt.HeadLineDetailsScreen.<no name provided> declared in com.example.feature.headlinedetails.HeadLineDetailsScreenKt.HeadLineDetailsScreen.<no name provided>.create' type=com.example.feature.headlinedetails.HeadLineDetailsScreenKt.HeadLineDetailsScreen.<no name provided> origin=null
                  $completion: GET_VAR '$completion: kotlin.coroutines.Continuation<kotlin.Nothing> declared in com.example.feature.headlinedetails.HeadLineDetailsScreenKt.HeadLineDetailsScreen.<no name provided>.create' type=kotlin.coroutines.Continuation<kotlin.Nothing> origin=null
          FUN name:invoke visibility:public modality:FINAL <> ($this:com.example.feature.headlinedetails.HeadLineDetailsScreenKt.HeadLineDetailsScreen.<no name provided>, p1:kotlinx.coroutines.CoroutineScope, p2:kotlin.coroutines.Continuation<kotlin.Unit>?) returnType:kotlin.Any?
            overridden:
              public abstract fun invoke (p1: P1 of kotlin.jvm.functions.Function2, p2: P2 of kotlin.jvm.functions.Function2): R of kotlin.jvm.functions.Function2 declared in kotlin.jvm.functions.Function2
            $this: VALUE_PARAMETER INSTANCE_RECEIVER name:<this> type:com.example.feature.headlinedetails.HeadLineDetailsScreenKt.HeadLineDetailsScreen.<no name provided>
            VALUE_PARAMETER name:p1 index:0 type:kotlinx.coroutines.CoroutineScope
            VALUE_PARAMETER name:p2 index:1 type:kotlin.coroutines.Continuation<kotlin.Unit>?
            BLOCK_BODY
              RETURN type=kotlin.Nothing from='public final fun invoke (p1: kotlinx.coroutines.CoroutineScope, p2: kotlin.coroutines.Continuation<kotlin.Unit>?): kotlin.Any? declared in com.example.feature.headlinedetails.HeadLineDetailsScreenKt.HeadLineDetailsScreen.<no name provided>'
                CALL 'public final fun invokeSuspend ($result: kotlin.Result<kotlin.Any?>): kotlin.Any? declared in com.example.feature.headlinedetails.HeadLineDetailsScreenKt.HeadLineDetailsScreen.<no name provided>' type=kotlin.Any? origin=null
                  $this: TYPE_OP type=com.example.feature.headlinedetails.HeadLineDetailsScreenKt.HeadLineDetailsScreen.<no name provided> origin=IMPLICIT_CAST typeOperand=com.example.feature.headlinedetails.HeadLineDetailsScreenKt.HeadLineDetailsScreen.<no name provided>
                    CALL 'public final fun create (value: kotlin.Any?, $completion: kotlin.coroutines.Continuation<kotlin.Nothing>): kotlin.coroutines.Continuation<kotlin.Unit> declared in com.example.feature.headlinedetails.HeadLineDetailsScreenKt.HeadLineDetailsScreen.<no name provided>' type=kotlin.coroutines.Continuation<kotlin.Unit> origin=null
                      $this: GET_VAR '<this>: com.example.feature.headlinedetails.HeadLineDetailsScreenKt.HeadLineDetailsScreen.<no name provided> declared in com.example.feature.headlinedetails.HeadLineDetailsScreenKt.HeadLineDetailsScreen.<no name provided>.invoke' type=com.example.feature.headlinedetails.HeadLineDetailsScreenKt.HeadLineDetailsScreen.<no name provided> origin=null
                      value: GET_VAR 'p1: kotlinx.coroutines.CoroutineScope declared in com.example.feature.headlinedetails.HeadLineDetailsScreenKt.HeadLineDetailsScreen.<no name provided>.invoke' type=kotlinx.coroutines.CoroutineScope origin=null
                      $completion: GET_VAR 'p2: kotlin.coroutines.Continuation<kotlin.Unit>? declared in com.example.feature.headlinedetails.HeadLineDetailsScreenKt.HeadLineDetailsScreen.<no name provided>.invoke' type=kotlin.coroutines.Continuation<kotlin.Unit>? origin=null
                  $result: CALL 'public final fun <unsafe-coerce> <T, R> (v: T of kotlin.jvm.internal.<unsafe-coerce>): R of kotlin.jvm.internal.<unsafe-coerce> declared in kotlin.jvm.internal' type=kotlin.Result<kotlin.Any?> origin=null
                    <T>: kotlin.Any?
                    <R>: kotlin.Result<kotlin.Any?>
                    v: GET_FIELD 'FIELD FIELD_FOR_OBJECT_INSTANCE name:INSTANCE type:kotlin.Unit visibility:public [final,static]' type=kotlin.Unit origin=null
          FIELD FIELD_FOR_CAPTURED_VALUE name:$item type:com.example.core.model.Article? visibility:public/*package*/ [final]
          FIELD FIELD_FOR_CAPTURED_VALUE name:$savedArticleDao type:com.example.core.database.dao.SavedArticleDao visibility:public/*package*/ [final]
          FIELD FIELD_FOR_CAPTURED_VALUE name:$isSaved$delegate type:androidx.compose.runtime.MutableState<kotlin.Boolean> visibility:public/*package*/ [final]
          FUN INLINE_LAMBDA name:invokeSuspend$lambda$1$lambda$0 visibility:private modality:FINAL <> ($savedArticleDao:com.example.core.database.dao.SavedArticleDao, $isSaved$delegate:androidx.compose.runtime.MutableState<kotlin.Boolean>, id:kotlin.String) returnType:kotlin.Unit
            VALUE_PARAMETER BOUND_VALUE_PARAMETER name:$savedArticleDao index:0 type:com.example.core.database.dao.SavedArticleDao
            VALUE_PARAMETER BOUND_VALUE_PARAMETER name:$isSaved$delegate index:1 type:androidx.compose.runtime.MutableState<kotlin.Boolean>
            VALUE_PARAMETER name:id index:2 type:kotlin.String
            BLOCK_BODY
              VAR name:$i$a$-let-HeadLineDetailsScreenKt$HeadLineDetailsScreen$1$1$1 type:kotlin.Int [val]
                CONST Int type=kotlin.Int value=0
              CALL 'public final fun access$HeadLineDetailsScreen$lambda$5 ($isSaved$delegate: androidx.compose.runtime.MutableState<kotlin.Boolean>, <set-?>: kotlin.Boolean): kotlin.Unit declared in com.example.feature.headlinedetails.HeadLineDetailsScreenKt' type=kotlin.Unit origin=EQ
                $isSaved$delegate: GET_VAR '$isSaved$delegate: androidx.compose.runtime.MutableState<kotlin.Boolean> declared in com.example.feature.headlinedetails.HeadLineDetailsScreenKt.HeadLineDetailsScreen.<no name provided>.invokeSuspend$lambda$1$lambda$0' type=androidx.compose.runtime.MutableState<kotlin.Boolean> origin=null
                <set-?>: CALL 'public abstract fun isArticleSaved (articleId: kotlin.String, $completion: kotlin.coroutines.Continuation<kotlin.Boolean>): kotlin.Any? [suspend] declared in com.example.core.database.dao.SavedArticleDao' type=kotlin.Boolean origin=null
                  $this: GET_VAR '$savedArticleDao: com.example.core.database.dao.SavedArticleDao declared in com.example.feature.headlinedetails.HeadLineDetailsScreenKt.HeadLineDetailsScreen.<no name provided>.invokeSuspend$lambda$1$lambda$0' type=com.example.core.database.dao.SavedArticleDao origin=null
                  articleId: GET_VAR 'id: kotlin.String declared in com.example.feature.headlinedetails.HeadLineDetailsScreenKt.HeadLineDetailsScreen.<no name provided>.invokeSuspend$lambda$1$lambda$0' type=kotlin.String origin=null
                  $completion: COMPOSITE type=kotlin.coroutines.Continuation<kotlin.Boolean> origin=FAKE_CONTINUATION
          FUN INLINE_LAMBDA name:invokeSuspend$lambda$1 visibility:private modality:FINAL <> ($savedArticleDao:com.example.core.database.dao.SavedArticleDao, $isSaved$delegate:androidx.compose.runtime.MutableState<kotlin.Boolean>, it:com.example.core.model.Article) returnType:kotlin.Unit
            VALUE_PARAMETER BOUND_VALUE_PARAMETER name:$savedArticleDao index:0 type:com.example.core.database.dao.SavedArticleDao
            VALUE_PARAMETER BOUND_VALUE_PARAMETER name:$isSaved$delegate index:1 type:androidx.compose.runtime.MutableState<kotlin.Boolean>
            VALUE_PARAMETER name:it index:2 type:com.example.core.model.Article
            BLOCK_BODY
              VAR name:$i$a$-let-HeadLineDetailsScreenKt$HeadLineDetailsScreen$1$1 type:kotlin.Int [val]
                CONST Int type=kotlin.Int value=0
              COMPOSITE type=kotlin.Unit origin=null
                BLOCK type=kotlin.Unit? origin=FOLDED_SAFE_CALL
                  WHEN type=kotlin.Unit? origin=FOLDED_SAFE_CALL
                    BRANCH
                      if: COMPOSITE type=kotlin.Boolean origin=null
                        VAR IR_TEMPORARY_VARIABLE name:tmp1_safe_receiver type:kotlin.String? [val]
                          CALL 'public final fun <get-id> (): kotlin.String? declared in com.example.core.model.Article' type=kotlin.String? origin=GET_PROPERTY
                            $this: GET_VAR 'it: com.example.core.model.Article declared in com.example.feature.headlinedetails.HeadLineDetailsScreenKt.HeadLineDetailsScreen.<no name provided>.invokeSuspend$lambda$1' type=com.example.core.model.Article origin=null
                        CALL 'public final fun not (): kotlin.Boolean [operator] declared in kotlin.Boolean' type=kotlin.Boolean origin=null
                          $this: CALL 'public final fun EQEQ (arg0: kotlin.Any?, arg1: kotlin.Any?): kotlin.Boolean declared in kotlin.internal.ir' type=kotlin.Boolean origin=null
                            arg0: GET_VAR 'val tmp1_safe_receiver: kotlin.String? [val] declared in com.example.feature.headlinedetails.HeadLineDetailsScreenKt.HeadLineDetailsScreen.<no name provided>.invokeSuspend$lambda$1' type=kotlin.String? origin=null
                            arg1: CONST Null type=kotlin.Nothing? value=null
                      then: CALL 'public final fun let <T, R> (block: kotlin.Function1<T of kotlin.StandardKt.let, R of kotlin.StandardKt.let>): R of kotlin.StandardKt.let [inline] declared in kotlin.StandardKt' type=kotlin.Unit origin=null
                        <T>: kotlin.String
                        <R>: kotlin.Unit
                        $receiver: GET_VAR 'val tmp1_safe_receiver: kotlin.String? [val] declared in com.example.feature.headlinedetails.HeadLineDetailsScreenKt.HeadLineDetailsScreen.<no name provided>.invokeSuspend$lambda$1' type=kotlin.String? origin=null
                        block: BLOCK type=kotlin.Function1<kotlin.String, kotlin.Unit> origin=LAMBDA
                          COMPOSITE type=kotlin.Unit origin=null
                          FUNCTION_REFERENCE 'private final fun invokeSuspend$lambda$1$lambda$0 ($savedArticleDao: com.example.core.database.dao.SavedArticleDao, $isSaved$delegate: androidx.compose.runtime.MutableState<kotlin.Boolean>, id: kotlin.String): kotlin.Unit declared in com.example.feature.headlinedetails.HeadLineDetailsScreenKt.HeadLineDetailsScreen.<no name provided>' type=kotlin.Function1<kotlin.String, kotlin.Unit> origin=INLINE_LAMBDA reflectionTarget=null
                            $savedArticleDao: GET_VAR '$savedArticleDao: com.example.core.database.dao.SavedArticleDao declared in com.example.feature.headlinedetails.HeadLineDetailsScreenKt.HeadLineDetailsScreen.<no name provided>.invokeSuspend$lambda$1' type=com.example.core.database.dao.SavedArticleDao origin=null
                            $isSaved$delegate: GET_VAR '$isSaved$delegate: androidx.compose.runtime.MutableState<kotlin.Boolean> declared in com.example.feature.headlinedetails.HeadLineDetailsScreenKt.HeadLineDetailsScreen.<no name provided>.invokeSuspend$lambda$1' type=androidx.compose.runtime.MutableState<kotlin.Boolean> origin=null
                    BRANCH
                      if: CONST Boolean type=kotlin.Boolean value=true
                      then: CONST Null type=kotlin.Nothing? value=null
          FUN BRIDGE name:invoke visibility:public modality:OPEN <> ($this:com.example.feature.headlinedetails.HeadLineDetailsScreenKt.HeadLineDetailsScreen.<no name provided>, p1:kotlin.Any?, p2:kotlin.Any?) returnType:kotlin.Any?
            $this: VALUE_PARAMETER INSTANCE_RECEIVER name:<this> type:com.example.feature.headlinedetails.HeadLineDetailsScreenKt.HeadLineDetailsScreen.<no name provided>
            VALUE_PARAMETER BRIDGE name:p1 index:0 type:kotlin.Any?
            VALUE_PARAMETER BRIDGE name:p2 index:1 type:kotlin.Any?
            EXPRESSION_BODY
              RETURN type=kotlin.Nothing from='public open fun invoke (p1: kotlin.Any?, p2: kotlin.Any?): kotlin.Any? declared in com.example.feature.headlinedetails.HeadLineDetailsScreenKt.HeadLineDetailsScreen.<no name provided>'
                CALL 'public final fun invoke (p1: kotlinx.coroutines.CoroutineScope, p2: kotlin.coroutines.Continuation<kotlin.Unit>?): kotlin.Any? declared in com.example.feature.headlinedetails.HeadLineDetailsScreenKt.HeadLineDetailsScreen.<no name provided>' type=kotlin.Any? origin=BRIDGE_DELEGATION
                  $this: GET_VAR '<this>: com.example.feature.headlinedetails.HeadLineDetailsScreenKt.HeadLineDetailsScreen.<no name provided> declared in com.example.feature.headlinedetails.HeadLineDetailsScreenKt.HeadLineDetailsScreen.<no name provided>.invoke' type=com.example.feature.headlinedetails.HeadLineDetailsScreenKt.HeadLineDetailsScreen.<no name provided> origin=null
                  p1: TYPE_OP type=kotlinx.coroutines.CoroutineScope origin=IMPLICIT_CAST typeOperand=kotlinx.coroutines.CoroutineScope
                    GET_VAR 'p1: kotlin.Any? declared in com.example.feature.headlinedetails.HeadLineDetailsScreenKt.HeadLineDetailsScreen.<no name provided>.invoke' type=kotlin.Any? origin=null
                  p2: TYPE_OP type=kotlin.coroutines.Continuation<*> origin=IMPLICIT_CAST typeOperand=kotlin.coroutines.Continuation<*>
                    GET_VAR 'p2: kotlin.Any? declared in com.example.feature.headlinedetails.HeadLineDetailsScreenKt.HeadLineDetailsScreen.<no name provided>.invoke' type=kotlin.Any? origin=null
        CONSTRUCTOR_CALL 'public/*package*/ constructor <init> ($item: com.example.core.model.Article?, $savedArticleDao: com.example.core.database.dao.SavedArticleDao, $isSaved$delegate: androidx.compose.runtime.MutableState<kotlin.Boolean>, $completion: kotlin.coroutines.Continuation<com.example.feature.headlinedetails.HeadLineDetailsScreenKt.HeadLineDetailsScreen.<no name provided>>?) [primary] declared in com.example.feature.headlinedetails.HeadLineDetailsScreenKt.HeadLineDetailsScreen.<no name provided>' type=com.example.feature.headlinedetails.HeadLineDetailsScreenKt.HeadLineDetailsScreen.<no name provided> origin=null
          $item: GET_VAR 'item: com.example.core.model.Article? declared in com.example.feature.headlinedetails.HeadLineDetailsScreenKt.HeadLineDetailsScreen' type=com.example.core.model.Article? origin=null
          $savedArticleDao: GET_VAR 'val savedArticleDao: com.example.core.database.dao.SavedArticleDao [val] declared in com.example.feature.headlinedetails.HeadLineDetailsScreenKt.HeadLineDetailsScreen' type=com.example.core.database.dao.SavedArticleDao origin=null
          $isSaved$delegate: GET_VAR 'val isSaved$delegate: androidx.compose.runtime.MutableState<kotlin.Boolean> [val] declared in com.example.feature.headlinedetails.HeadLineDetailsScreenKt.HeadLineDetailsScreen' type=androidx.compose.runtime.MutableState<kotlin.Boolean> origin=null
          $completion: CONST Null type=kotlin.Nothing? value=null
    CALL 'public final fun Scaffold-QMVK-b8$default (modifier: androidx.compose.ui.Modifier?, topBar: @[Composable] kotlin.Function0<kotlin.Unit>?, bottomBar: @[Composable] kotlin.Function0<kotlin.Unit>?, snackbarHost: @[Composable] kotlin.Function0<kotlin.Unit>?, floatingActionButton: @[Composable] kotlin.Function0<kotlin.Unit>?, floatingActionButtonPosition: androidx.compose.material3.FabPosition, containerColor: androidx.compose.ui.graphics.Color, contentColor: androidx.compose.ui.graphics.Color, contentWindowInsets: androidx.compose.foundation.layout.WindowInsets?, content: @[Composable] kotlin.Function1<androidx.compose.foundation.layout.PaddingValues, kotlin.Unit>, $mask0: kotlin.Int, $handler: kotlin.Any?): kotlin.Unit declared in androidx.compose.material3.ScaffoldKt' type=kotlin.Unit origin=DEFAULT_DISPATCH_CALL
      modifier: COMPOSITE type=androidx.compose.ui.Modifier? origin=DEFAULT_VALUE
        CONST Null type=androidx.compose.ui.Modifier? value=null
      topBar: BLOCK type=kotlin.Function0<kotlin.Unit> origin=LAMBDA
        COMPOSITE type=kotlin.Unit origin=null
        CALL 'public final fun <jvm-indy> <T> (dynamicCall: T of kotlin.jvm.internal.<jvm-indy>, bootstrapMethodHandle: kotlin.Any, vararg bootstrapMethodArguments: kotlin.Any): T of kotlin.jvm.internal.<jvm-indy> declared in kotlin.jvm.internal' type=kotlin.Function0<kotlin.Unit> origin=null
          <T>: kotlin.Function0<kotlin.Unit>
          dynamicCall: CALL 'public final fun invoke (p0: com.example.core.model.Article?, p1: kotlin.Function0<kotlin.Unit>, p2: android.app.Activity, p3: com.example.core.ui.viewmodel.NewsViewModel, p4: androidx.compose.runtime.MutableState<kotlin.Boolean>): kotlin.Function0<kotlin.Unit> declared in kotlin.jvm.internal.invokeDynamic' type=kotlin.Function0<kotlin.Unit> origin=null
            p0: GET_VAR 'item: com.example.core.model.Article? declared in com.example.feature.headlinedetails.HeadLineDetailsScreenKt.HeadLineDetailsScreen' type=com.example.core.model.Article? origin=null
            p1: GET_VAR 'onBackClick: kotlin.Function0<kotlin.Unit> declared in com.example.feature.headlinedetails.HeadLineDetailsScreenKt.HeadLineDetailsScreen' type=kotlin.Function0<kotlin.Unit> origin=null
            p2: GET_VAR 'context: android.app.Activity declared in com.example.feature.headlinedetails.HeadLineDetailsScreenKt.HeadLineDetailsScreen' type=android.app.Activity origin=null
            p3: GET_VAR 'val viewModel: com.example.core.ui.viewmodel.NewsViewModel [val] declared in com.example.feature.headlinedetails.HeadLineDetailsScreenKt.HeadLineDetailsScreen' type=com.example.core.ui.viewmodel.NewsViewModel origin=null
            p4: GET_VAR 'val isSaved$delegate: androidx.compose.runtime.MutableState<kotlin.Boolean> [val] declared in com.example.feature.headlinedetails.HeadLineDetailsScreenKt.HeadLineDetailsScreen' type=androidx.compose.runtime.MutableState<kotlin.Boolean> origin=null
          bootstrapMethodHandle: CALL 'public final fun <jvm-method-handle> (tag: kotlin.Int, owner: kotlin.String, name: kotlin.String, descriptor: kotlin.String, isInterface: kotlin.Boolean): kotlin.Any declared in kotlin.jvm.internal' type=kotlin.Any origin=null
            tag: CONST Int type=kotlin.Int value=6
            owner: CONST String type=kotlin.String value="java/lang/invoke/LambdaMetafactory"
            name: CONST String type=kotlin.String value="metafactory"
            descriptor: CONST String type=kotlin.String value="(Ljava/lang/invoke/MethodHandles$Lookup;Ljava/lang/String;Ljava/lang/invoke/MethodType;Ljava/lang/invoke/MethodType;Ljava/lang/invoke/MethodHandle;Ljava/lang/invoke/MethodType;)Ljava/lang/invoke/CallSite;"
            isInterface: CONST Boolean type=kotlin.Boolean value=false
          bootstrapMethodArguments: VARARG type=kotlin.Array<kotlin.Any> varargElementType=kotlin.Any
            CALL 'public final fun <jvm-original-method-type> (method: kotlin.Any): kotlin.Any declared in kotlin.jvm.internal' type=kotlin.Any origin=null
              method: RAW_FUNCTION_REFERENCE 'public abstract fun invoke (): R of kotlin.Function0 [operator] declared in kotlin.Function0' type=kotlin.Any
            RAW_FUNCTION_REFERENCE 'private final fun HeadLineDetailsScreen$lambda$10 ($item: com.example.core.model.Article?, $onBackClick: kotlin.Function0<kotlin.Unit>, $context: android.app.Activity, $viewModel: com.example.core.ui.viewmodel.NewsViewModel, $isSaved$delegate: androidx.compose.runtime.MutableState<kotlin.Boolean>): kotlin.Unit? declared in com.example.feature.headlinedetails.HeadLineDetailsScreenKt' type=kotlin.Any
            CALL 'public final fun <jvm-original-method-type> (method: kotlin.Any): kotlin.Any declared in kotlin.jvm.internal' type=kotlin.Any origin=null
              method: RAW_FUNCTION_REFERENCE 'public abstract fun invoke (): kotlin.Unit? [fake_override,operator] declared in kotlin.jvm.internal.invokeDynamic.<fake>' type=kotlin.Any
      bottomBar: COMPOSITE type=@[Composable] kotlin.Function0<kotlin.Unit>? origin=DEFAULT_VALUE
        CONST Null type=@[Composable] kotlin.Function0<kotlin.Unit>? value=null
      snackbarHost: COMPOSITE type=@[Composable] kotlin.Function0<kotlin.Unit>? origin=DEFAULT_VALUE
        CONST Null type=@[Composable] kotlin.Function0<kotlin.Unit>? value=null
      floatingActionButton: COMPOSITE type=@[Composable] kotlin.Function0<kotlin.Unit>? origin=DEFAULT_VALUE
        CONST Null type=@[Composable] kotlin.Function0<kotlin.Unit>? value=null
      floatingActionButtonPosition: COMPOSITE type=androidx.compose.material3.FabPosition origin=DEFAULT_VALUE
        CALL 'public final fun <unsafe-coerce> <T, R> (v: T of kotlin.jvm.internal.<unsafe-coerce>): R of kotlin.jvm.internal.<unsafe-coerce> declared in kotlin.jvm.internal' type=androidx.compose.material3.FabPosition origin=null
          <T>: kotlin.Int
          <R>: androidx.compose.material3.FabPosition
          v: CONST Int type=kotlin.Int value=0
      containerColor: COMPOSITE type=androidx.compose.ui.graphics.Color origin=DEFAULT_VALUE
        CALL 'public final fun <unsafe-coerce> <T, R> (v: T of kotlin.jvm.internal.<unsafe-coerce>): R of kotlin.jvm.internal.<unsafe-coerce> declared in kotlin.jvm.internal' type=androidx.compose.ui.graphics.Color origin=null
          <T>: kotlin.Long
          <R>: androidx.compose.ui.graphics.Color
          v: CONST Long type=kotlin.Long value=0
      contentColor: COMPOSITE type=androidx.compose.ui.graphics.Color origin=DEFAULT_VALUE
        CALL 'public final fun <unsafe-coerce> <T, R> (v: T of kotlin.jvm.internal.<unsafe-coerce>): R of kotlin.jvm.internal.<unsafe-coerce> declared in kotlin.jvm.internal' type=androidx.compose.ui.graphics.Color origin=null
          <T>: kotlin.Long
          <R>: androidx.compose.ui.graphics.Color
          v: CONST Long type=kotlin.Long value=0
      contentWindowInsets: COMPOSITE type=androidx.compose.foundation.layout.WindowInsets? origin=DEFAULT_VALUE
        CONST Null type=androidx.compose.foundation.layout.WindowInsets? value=null
      content: BLOCK type=kotlin.Function1<androidx.compose.foundation.layout.PaddingValues, kotlin.Unit> origin=LAMBDA
        COMPOSITE type=kotlin.Unit origin=null
        CALL 'public final fun <jvm-indy> <T> (dynamicCall: T of kotlin.jvm.internal.<jvm-indy>, bootstrapMethodHandle: kotlin.Any, vararg bootstrapMethodArguments: kotlin.Any): T of kotlin.jvm.internal.<jvm-indy> declared in kotlin.jvm.internal' type=kotlin.Function1<androidx.compose.foundation.layout.PaddingValues, kotlin.Unit> origin=null
          <T>: kotlin.Function1<androidx.compose.foundation.layout.PaddingValues, kotlin.Unit>
          dynamicCall: CALL 'public final fun invoke (p0: com.example.core.model.Article?, p1: androidx.compose.runtime.MutableState<kotlin.Boolean>): kotlin.Function1<androidx.compose.foundation.layout.PaddingValues, kotlin.Unit> declared in kotlin.jvm.internal.invokeDynamic' type=kotlin.Function1<androidx.compose.foundation.layout.PaddingValues, kotlin.Unit> origin=null
            p0: GET_VAR 'item: com.example.core.model.Article? declared in com.example.feature.headlinedetails.HeadLineDetailsScreenKt.HeadLineDetailsScreen' type=com.example.core.model.Article? origin=null
            p1: GET_VAR 'val isLoading$delegate: androidx.compose.runtime.MutableState<kotlin.Boolean> [val] declared in com.example.feature.headlinedetails.HeadLineDetailsScreenKt.HeadLineDetailsScreen' type=androidx.compose.runtime.MutableState<kotlin.Boolean> origin=null
          bootstrapMethodHandle: CALL 'public final fun <jvm-method-handle> (tag: kotlin.Int, owner: kotlin.String, name: kotlin.String, descriptor: kotlin.String, isInterface: kotlin.Boolean): kotlin.Any declared in kotlin.jvm.internal' type=kotlin.Any origin=null
            tag: CONST Int type=kotlin.Int value=6
            owner: CONST String type=kotlin.String value="java/lang/invoke/LambdaMetafactory"
            name: CONST String type=kotlin.String value="metafactory"
            descriptor: CONST String type=kotlin.String value="(Ljava/lang/invoke/MethodHandles$Lookup;Ljava/lang/String;Ljava/lang/invoke/MethodType;Ljava/lang/invoke/MethodType;Ljava/lang/invoke/MethodHandle;Ljava/lang/invoke/MethodType;)Ljava/lang/invoke/CallSite;"
            isInterface: CONST Boolean type=kotlin.Boolean value=false
          bootstrapMethodArguments: VARARG type=kotlin.Array<kotlin.Any> varargElementType=kotlin.Any
            CALL 'public final fun <jvm-original-method-type> (method: kotlin.Any): kotlin.Any declared in kotlin.jvm.internal' type=kotlin.Any origin=null
              method: RAW_FUNCTION_REFERENCE 'public abstract fun invoke (p1: P1 of kotlin.Function1): R of kotlin.Function1 [operator] declared in kotlin.Function1' type=kotlin.Any
            RAW_FUNCTION_REFERENCE 'private final fun HeadLineDetailsScreen$lambda$15 ($item: com.example.core.model.Article?, $isLoading$delegate: androidx.compose.runtime.MutableState<kotlin.Boolean>, innerPadding: androidx.compose.foundation.layout.PaddingValues): kotlin.Unit? declared in com.example.feature.headlinedetails.HeadLineDetailsScreenKt' type=kotlin.Any
            CALL 'public final fun <jvm-original-method-type> (method: kotlin.Any): kotlin.Any declared in kotlin.jvm.internal' type=kotlin.Any origin=null
              method: RAW_FUNCTION_REFERENCE 'public abstract fun invoke (p1: androidx.compose.foundation.layout.PaddingValues): kotlin.Unit? [fake_override,operator] declared in kotlin.jvm.internal.invokeDynamic.<fake>' type=kotlin.Any
      $mask0: CONST Int type=kotlin.Int value=509
      $handler: CONST Null type=kotlin.Any? value=null

	at org.jetbrains.kotlin.backend.jvm.codegen.FunctionCodegen.generate(FunctionCodegen.kt:50)
	at org.jetbrains.kotlin.backend.jvm.codegen.FunctionCodegen.generate$default(FunctionCodegen.kt:42)
	at org.jetbrains.kotlin.backend.jvm.codegen.ClassCodegen.generateMethodNode(ClassCodegen.kt:385)
	at org.jetbrains.kotlin.backend.jvm.codegen.ClassCodegen.generateMethod(ClassCodegen.kt:402)
	at org.jetbrains.kotlin.backend.jvm.codegen.ClassCodegen.generate(ClassCodegen.kt:169)
	at org.jetbrains.kotlin.backend.jvm.FileCodegen.lower(JvmPhases.kt:41)
	at org.jetbrains.kotlin.backend.common.phaser.PhaseBuildersKt.makeIrFilePhase$lambda$5(PhaseBuilders.kt:114)
	at org.jetbrains.kotlin.backend.common.phaser.PhaseBuildersKt$createSimpleNamedCompilerPhase$1.phaseBody(PhaseBuilders.kt:71)
	at org.jetbrains.kotlin.backend.common.phaser.SimpleNamedCompilerPhase.phaseBody(CompilerPhase.kt:226)
	at org.jetbrains.kotlin.backend.common.phaser.AbstractNamedCompilerPhase.invoke(CompilerPhase.kt:113)
	at org.jetbrains.kotlin.backend.common.phaser.PerformByIrFilePhase.invokeSequential(performByIrFile.kt:62)
	... 44 more
Caused by: org.jetbrains.kotlin.codegen.CompilationException: Back-end (JVM) Internal error: Couldn't inline method call: CALL 'public final fun viewModel$default <VM> (viewModelStoreOwner: androidx.lifecycle.ViewModelStoreOwner?, key: kotlin.String?, factory: androidx.lifecycle.ViewModelProvider.Factory?, extras: androidx.lifecycle.viewmodel.CreationExtras?, $mask0: kotlin.Int, $handler: kotlin.Any?): VM of androidx.lifecycle.viewmodel.compose.ViewModelKt.viewModel$default [inline] declared in androidx.lifecycle.viewmodel.compose.ViewModelKt' type=VM of androidx.lifecycle.viewmodel.compose.ViewModelKt.viewModel$default origin=DEFAULT_DISPATCH_CALL
Method: null
File is unknown
The root cause java.lang.IllegalStateException was thrown at: org.jetbrains.kotlin.codegen.inline.SourceCompilerForInlineKt.getMethodNode(SourceCompilerForInline.kt:118)
	at org.jetbrains.kotlin.codegen.inline.InlineCodegen.performInline(InlineCodegen.kt:65)
	at org.jetbrains.kotlin.backend.jvm.codegen.IrInlineCodegen.genInlineCall(IrInlineCodegen.kt:162)
	at org.jetbrains.kotlin.backend.jvm.codegen.IrInlineCallGenerator.genCall(IrInlineCallGenerator.kt:36)
	at org.jetbrains.kotlin.backend.jvm.codegen.ExpressionCodegen.visitCall(ExpressionCodegen.kt:647)
	at org.jetbrains.kotlin.backend.jvm.codegen.ExpressionCodegen.visitCall(ExpressionCodegen.kt:137)
	at org.jetbrains.kotlin.ir.expressions.IrCall.accept(IrCall.kt:24)
	at org.jetbrains.kotlin.backend.jvm.codegen.ExpressionCodegen.visitTypeOperator(ExpressionCodegen.kt:1121)
	at org.jetbrains.kotlin.backend.jvm.codegen.ExpressionCodegen.visitTypeOperator(ExpressionCodegen.kt:137)
	at org.jetbrains.kotlin.ir.expressions.IrTypeOperatorCall.accept(IrTypeOperatorCall.kt:26)
	at org.jetbrains.kotlin.backend.jvm.codegen.ExpressionCodegen.visitVariable(ExpressionCodegen.kt:784)
	at org.jetbrains.kotlin.backend.jvm.codegen.ExpressionCodegen.visitVariable(ExpressionCodegen.kt:137)
	at org.jetbrains.kotlin.ir.declarations.IrVariable.accept(IrVariable.kt:36)
	at org.jetbrains.kotlin.backend.jvm.codegen.ExpressionCodegen.visitStatementContainer(ExpressionCodegen.kt:573)
	at org.jetbrains.kotlin.backend.jvm.codegen.ExpressionCodegen.visitBlockBody(ExpressionCodegen.kt:578)
	at org.jetbrains.kotlin.backend.jvm.codegen.ExpressionCodegen.visitBlockBody(ExpressionCodegen.kt:137)
	at org.jetbrains.kotlin.ir.expressions.IrBlockBody.accept(IrBlockBody.kt:20)
	at org.jetbrains.kotlin.backend.jvm.codegen.ExpressionCodegen.generate(ExpressionCodegen.kt:239)
	at org.jetbrains.kotlin.backend.jvm.codegen.FunctionCodegen.doGenerate(FunctionCodegen.kt:121)
	at org.jetbrains.kotlin.backend.jvm.codegen.FunctionCodegen.generate(FunctionCodegen.kt:46)
	... 54 more
Caused by: java.lang.IllegalStateException: couldn't find inline method Landroidx/lifecycle/viewmodel/compose/ViewModelKt__ViewModelKt;.viewModel$default(Landroidx/lifecycle/ViewModelStoreOwner;Ljava/lang/String;Landroidx/lifecycle/ViewModelProvider$Factory;Landroidx/lifecycle/viewmodel/CreationExtras;ILjava/lang/Object;)Landroidx/lifecycle/ViewModel;
	at org.jetbrains.kotlin.codegen.inline.SourceCompilerForInlineKt.getMethodNode(SourceCompilerForInline.kt:118)
	at org.jetbrains.kotlin.codegen.inline.SourceCompilerForInlineKt.loadCompiledInlineFunction(SourceCompilerForInline.kt:96)
	at org.jetbrains.kotlin.backend.jvm.codegen.IrSourceCompilerForInline.compileInlineFunction(IrSourceCompilerForInline.kt:91)
	at org.jetbrains.kotlin.codegen.inline.InlineCodegen.compileInline(InlineCodegen.kt:43)
	at org.jetbrains.kotlin.codegen.inline.InlineCodegen.performInline(InlineCodegen.kt:51)
	... 72 more


